<?xml version="1.0" encoding="UTF-8"?>
<!-- Generated by org.testng.reporters.JUnitReportReporter -->
<testsuite hostname="NAGARJUNA" name="POMM.MavenProject.AppTest" tests="1" failures="0" timestamp="17 Sep 2018 05:26:52 GMT" time="0.016" errors="0">
  <testcase name="testApp" time="0.016" classname="POMM.MavenProject.AppTest"/>
</testsuite> <!-- POMM.MavenProject.AppTest -->
